This is pdfTeX, Version 3.1415926-2.3-1.40.12 (TeX Live 2011) (format=pdflatex 2011.7.3)  13 MAR 2015 20:15
entering extended mode
 \write18 enabled.
 file:line:error style messages enabled.
 %&-line parsing enabled.
**main.tex
(./main.tex
LaTeX2e <2009/09/24>
Babel <v3.8l> and hyphenation patterns for english, dumylang, nohyphenation, ge
rman-x-2009-06-19, ngerman-x-2009-06-19, afrikaans, ancientgreek, ibycus, arabi
c, armenian, basque, bulgarian, catalan, pinyin, coptic, croatian, czech, danis
h, dutch, ukenglish, usenglishmax, esperanto, estonian, ethiopic, farsi, finnis
h, french, galician, german, ngerman, swissgerman, monogreek, greek, hungarian,
 icelandic, assamese, bengali, gujarati, hindi, kannada, malayalam, marathi, or
iya, panjabi, tamil, telugu, indonesian, interlingua, irish, italian, kurmanji,
 lao, latin, latvian, lithuanian, mongolian, mongolianlmc, bokmal, nynorsk, pol
ish, portuguese, romanian, russian, sanskrit, serbian, serbianc, slovak, sloven
ian, spanish, swedish, turkish, turkmen, ukrainian, uppersorbian, welsh, loaded
.
(./Latex_Euclid_style.cls
(/usr/local/texlive/2011/texmf-dist/tex/latex/graphics/graphicx.sty
Package: graphicx 1999/02/16 v1.0f Enhanced LaTeX Graphics (DPC,SPQR)

(/usr/local/texlive/2011/texmf-dist/tex/latex/graphics/keyval.sty
Package: keyval 1999/03/16 v1.13 key=value parser (DPC)
\KV@toks@=\toks14
)
(/usr/local/texlive/2011/texmf-dist/tex/latex/graphics/graphics.sty
Package: graphics 2009/02/05 v1.0o Standard LaTeX Graphics (DPC,SPQR)

(/usr/local/texlive/2011/texmf-dist/tex/latex/graphics/trig.sty
Package: trig 1999/03/16 v1.09 sin cos tan (DPC)
)
(/usr/local/texlive/2011/texmf-dist/tex/latex/latexconfig/graphics.cfg
File: graphics.cfg 2010/04/23 v1.9 graphics configuration of TeX Live
)
Package graphics Info: Driver file: pdftex.def on input line 91.

(/usr/local/texlive/2011/texmf-dist/tex/latex/pdftex-def/pdftex.def
File: pdftex.def 2011/05/27 v0.06d Graphics/color for pdfTeX

(/usr/local/texlive/2011/texmf-dist/tex/generic/oberdiek/infwarerr.sty
Package: infwarerr 2010/04/08 v1.3 Providing info/warning/message (HO)
)
(/usr/local/texlive/2011/texmf-dist/tex/generic/oberdiek/ltxcmds.sty
Package: ltxcmds 2011/04/18 v1.20 LaTeX kernel commands for general use (HO)
)
\Gread@gobject=\count79
))
\Gin@req@height=\dimen102
\Gin@req@width=\dimen103
)
Document Class: Latex_Euclid_style 2001/06/01 Version 1.0 by Andrea Moneti and 
Jean-Francois Sygnet
(/usr/local/texlive/2011/texmf-dist/tex/latex/base/ifthen.sty
Package: ifthen 2001/05/26 v1.1c Standard LaTeX ifthen package (DPC)
)
(/usr/local/texlive/2011/texmf-dist/tex/latex/base/article.cls
Document Class: article 2007/10/19 v1.4h Standard LaTeX document class
(/usr/local/texlive/2011/texmf-dist/tex/latex/base/size10.clo
File: size10.clo 2007/10/19 v1.4h Standard LaTeX file (size option)
)
\c@part=\count80
\c@section=\count81
\c@subsection=\count82
\c@subsubsection=\count83
\c@paragraph=\count84
\c@subparagraph=\count85
\c@figure=\count86
\c@table=\count87
\abovecaptionskip=\skip41
\belowcaptionskip=\skip42
\bibindent=\dimen104
)
\@extrawidth=\skip43
\@extrahead=\skip44
\@extrafoot=\skip45
)
(/usr/local/texlive/2011/texmf-dist/tex/latex/amsmath/amsmath.sty
Package: amsmath 2000/07/18 v2.13 AMS math features
\@mathmargin=\skip46

For additional information on amsmath, use the `?' option.
(/usr/local/texlive/2011/texmf-dist/tex/latex/amsmath/amstext.sty
Package: amstext 2000/06/29 v2.01

(/usr/local/texlive/2011/texmf-dist/tex/latex/amsmath/amsgen.sty
File: amsgen.sty 1999/11/30 v2.0
\@emptytoks=\toks15
\ex@=\dimen105
))
(/usr/local/texlive/2011/texmf-dist/tex/latex/amsmath/amsbsy.sty
Package: amsbsy 1999/11/29 v1.2d
\pmbraise@=\dimen106
)
(/usr/local/texlive/2011/texmf-dist/tex/latex/amsmath/amsopn.sty
Package: amsopn 1999/12/14 v2.01 operator names
)
\inf@bad=\count88
LaTeX Info: Redefining \frac on input line 211.
\uproot@=\count89
\leftroot@=\count90
LaTeX Info: Redefining \overline on input line 307.
\classnum@=\count91
\DOTSCASE@=\count92
LaTeX Info: Redefining \ldots on input line 379.
LaTeX Info: Redefining \dots on input line 382.
LaTeX Info: Redefining \cdots on input line 467.
\Mathstrutbox@=\box26
\strutbox@=\box27
\big@size=\dimen107
LaTeX Font Info:    Redeclaring font encoding OML on input line 567.
LaTeX Font Info:    Redeclaring font encoding OMS on input line 568.
\macc@depth=\count93
\c@MaxMatrixCols=\count94
\dotsspace@=\muskip10
\c@parentequation=\count95
\dspbrk@lvl=\count96
\tag@help=\toks16
\row@=\count97
\column@=\count98
\maxfields@=\count99
\andhelp@=\toks17
\eqnshift@=\dimen108
\alignsep@=\dimen109
\tagshift@=\dimen110
\tagwidth@=\dimen111
\totwidth@=\dimen112
\lineht@=\dimen113
\@envbody=\toks18
\multlinegap=\skip47
\multlinetaggap=\skip48
\mathdisplay@stack=\toks19
LaTeX Info: Redefining \[ on input line 2666.
LaTeX Info: Redefining \] on input line 2667.
)
(/usr/local/texlive/2011/texmf-dist/tex/latex/amsfonts/amsfonts.sty
Package: amsfonts 2009/06/22 v3.00 Basic AMSFonts support
\symAMSa=\mathgroup4
\symAMSb=\mathgroup5
LaTeX Font Info:    Overwriting math alphabet `\mathfrak' in version `bold'
(Font)                  U/euf/m/n --> U/euf/b/n on input line 96.
)
(/usr/local/texlive/2011/texmf-dist/tex/latex/amsfonts/amssymb.sty
Package: amssymb 2009/06/22 v3.00
)
(/usr/local/texlive/2011/texmf-dist/tex/latex/graphics/epsfig.sty
Package: epsfig 1999/02/16 v1.7a (e)psfig emulation (SPQR)
\epsfxsize=\dimen114
\epsfysize=\dimen115
)
(/usr/local/texlive/2011/texmf-dist/tex/latex/caption/caption.sty
Package: caption 2010/01/09 v3.1m Customizing captions (AR)

(/usr/local/texlive/2011/texmf-dist/tex/latex/caption/caption3.sty
Package: caption3 2010/01/14 v3.1m caption3 kernel (AR)
\captionmargin=\dimen116
\captionmargin@=\dimen117
\captionwidth=\dimen118
\caption@indent=\dimen119
\caption@parindent=\dimen120
\caption@hangindent=\dimen121
)
\c@ContinuedFloat=\count100
)
(/usr/local/texlive/2011/texmf-dist/tex/latex/rotating/rotating.sty
Package: rotating 2009/03/28 v2.16a rotated objects in LaTeX
\c@r@tfl@t=\count101
\rotFPtop=\skip49
\rotFPbot=\skip50
\rot@float@box=\box28
\rot@mess@toks=\toks20
)
(/usr/local/texlive/2011/texmf-dist/tex/latex/url/url.sty
\Urlmuskip=\muskip11
Package: url 2006/04/12  ver 3.3  Verb mode for urls, etc.
)
(/usr/local/texlive/2011/texmf-dist/tex/latex/psnfss/times.sty
Package: times 2005/04/12 PSNFSS-v9.2a (SPQR) 
)
(/usr/local/texlive/2011/texmf-dist/tex/latex/graphics/color.sty
Package: color 2005/11/14 v1.0j Standard LaTeX Color (DPC)

(/usr/local/texlive/2011/texmf-dist/tex/latex/latexconfig/color.cfg
File: color.cfg 2007/01/18 v1.5 color configuration of teTeX/TeXLive
)
Package color Info: Driver file: pdftex.def on input line 130.
)
(/usr/local/texlive/2011/texmf-dist/tex/latex/siunitx/siunitx.sty
(/usr/local/texlive/2011/texmf-dist/tex/latex/expl3/expl3.sty
(/usr/local/texlive/2011/texmf-dist/tex/latex/expl3/l3names.sty
Package: l3names 2011/01/08 v2122 L3 Experimental Naming Scheme for TeX Primiti
ves
)
Package: expl3 2011/04/09 v2222 L3 Experimental code bundle wrapper

(/usr/local/texlive/2011/texmf-dist/tex/latex/etex-pkg/etex.sty
Package: etex 1998/03/26 v2.0 eTeX basic definition package (PEB)
\et@xins=\count102
)
(/usr/local/texlive/2011/texmf-dist/tex/latex/expl3/l3basics.sty
Package: l3basics 2011/04/23 v2246 L3 Experimental basic definitions
)
(/usr/local/texlive/2011/texmf-dist/tex/latex/expl3/l3expan.sty
Package: l3expan 2011/04/09 v2223 L3 Experimental Argument Expansion module
)
(/usr/local/texlive/2011/texmf-dist/tex/latex/expl3/l3tl.sty
Package: l3tl 2011/04/09 v2223 L3 Experimental Token Lists
)
(/usr/local/texlive/2011/texmf-dist/tex/latex/expl3/l3int.sty
Package: l3int 2011/04/11 v2229 L3 Experimental Integer module
\l_tmpa_int=\count103
\l_tmpb_int=\count104
\l_tmpc_int=\count105
\g_tmpa_int=\count106
\g_tmpb_int=\count107
\c_max_int=\count108
\g_tl_inline_level_int=\count109
\g_prg_inline_level_int=\count110
)
(/usr/local/texlive/2011/texmf-dist/tex/latex/expl3/l3quark.sty
Package: l3quark 2011/04/14 v2234 L3 Experimental Quark Commands
)
(/usr/local/texlive/2011/texmf-dist/tex/latex/expl3/l3seq.sty
Package: l3seq 2011/04/21 v2245 The LaTeX3 kernel: sequences and stacks
\g_seq_nesting_depth_int=\count111
)
(/usr/local/texlive/2011/texmf-dist/tex/latex/expl3/l3toks.sty
Package: l3toks 2011/04/09 v2223 L3 Experimental Token Registers
\l_tmpb_toks=\toks21
\l_tmpc_toks=\toks22
\g_tmpa_toks=\toks23
\g_tmpb_toks=\toks24
\g_tmpc_toks=\toks25
\c_empty_toks=\toks26
\l_tl_replace_toks=\toks27
)
(/usr/local/texlive/2011/texmf-dist/tex/latex/expl3/l3prg.sty
Package: l3prg 2011/04/09 v2223 L3 Experimental control structures
)
(/usr/local/texlive/2011/texmf-dist/tex/latex/expl3/l3clist.sty
Package: l3clist 2011/04/09 v2223 L3 Experimental comma separated lists
\g_clist_map_inline_int=\count112
)
(/usr/local/texlive/2011/texmf-dist/tex/latex/expl3/l3token.sty
Package: l3token 2011/04/09 v2223 L3 Experimental token investigation and manip
ulation
)
(/usr/local/texlive/2011/texmf-dist/tex/latex/expl3/l3prop.sty
Package: l3prop 2011/04/09 v2223 L3 Experimental Property Lists
\g_prop_inline_level_int=\count113
)
(/usr/local/texlive/2011/texmf-dist/tex/latex/expl3/l3msg.sty
Package: l3msg 2010/10/02 v2052 L3 Experimental LaTeX Messages module
\l_msg_redirect_classes_prop=\toks28
\l_msg_redirect_names_prop=\toks29
\l_msg_redirect_fatal_prop=\toks30
\l_msg_redirect_error_prop=\toks31
\l_msg_redirect_warning_prop=\toks32
\l_msg_redirect_info_prop=\toks33
\l_msg_redirect_log_prop=\toks34
\l_msg_redirect_trace_prop=\toks35
\l_msg_redirect_none_prop=\toks36
)
(/usr/local/texlive/2011/texmf-dist/tex/latex/expl3/l3io.sty
Package: l3io 2010/10/03 v2063 L3 Experimental i/o module
\g_iow_streams_prop=\toks37
\g_ior_streams_prop=\toks38
\l_iow_stream_int=\count114
)
(/usr/local/texlive/2011/texmf-dist/tex/latex/expl3/l3skip.sty
Package: l3skip 2011/02/15 v2149 L3 Experimental skip registers
\l_tmpa_skip=\skip51
\l_tmpb_skip=\skip52
\l_tmpc_skip=\skip53
\g_tmpa_skip=\skip54
\g_tmpb_skip=\skip55
\l_tmpa_dim=\dimen122
\l_tmpb_dim=\dimen123
\l_tmpc_dim=\dimen124
\l_tmpd_dim=\dimen125
\g_tmpa_dim=\dimen126
\g_tmpb_dim=\dimen127
)
(/usr/local/texlive/2011/texmf-dist/tex/latex/expl3/l3box.sty
Package: l3box 2011/04/09 v2223 L3 Experimental Box module
\l_tmpb_box=\box29
)
(/usr/local/texlive/2011/texmf-dist/tex/latex/expl3/l3keyval.sty
Package: l3keyval 2011/04/09 v2223 L3 Experimental keyval processing
\l_KV_level_int=\count115
)
(/usr/local/texlive/2011/texmf-dist/tex/latex/expl3/l3keys.sty
Package: l3keys 2010/11/11 v2082 L3 Experimental key-value support
\l_keys_choice_int=\count116
)
(/usr/local/texlive/2011/texmf-dist/tex/latex/expl3/l3precom.sty
Package: l3precom 2011/04/09 v2223 L3 Experimental precompilation module
\g_gen_sym_int=\count117
\g_ggen_sym_int=\count118
)
(/usr/local/texlive/2011/texmf-dist/tex/latex/expl3/l3xref.sty
Package: l3xref 2011/04/09 v2223 L3 Experimental cross referencing
\g_xref_all_curr_immediate_fields_prop=\toks39
\g_xref_all_curr_deferred_fields_prop=\toks40
)
(/usr/local/texlive/2011/texmf-dist/tex/latex/expl3/l3file.sty
Package: l3file 2011/04/21 v2242 The LaTeX3 kernel: file operations
)
(/usr/local/texlive/2011/texmf-dist/tex/latex/expl3/l3fp.sty
Package: l3fp 2011/03/19 v2201 L3 Experimental floating-point operations
\c_one_million=\count119
\c_one_hundred_million=\count120
\c_five_hundred_million=\count121
\c_one_thousand_million=\count122
\c_fp_pi_by_four_decimal_int=\count123
\c_fp_pi_by_four_extended_int=\count124
\c_fp_pi_decimal_int=\count125
\c_fp_pi_extended_int=\count126
\c_fp_two_pi_decimal_int=\count127
\c_fp_two_pi_extended_int=\count128
\l_fp_count_int=\count129
\l_fp_div_offset_int=\count130
\l_fp_exp_integer_int=\count131
\l_fp_exp_decimal_int=\count132
\l_fp_exp_extended_int=\count133
\l_fp_exp_exponent_int=\count134
\l_fp_input_a_sign_int=\count135
\l_fp_input_a_integer_int=\count136
\l_fp_input_a_decimal_int=\count137
\l_fp_input_a_exponent_int=\count138
\l_fp_input_b_sign_int=\count139
\l_fp_input_b_integer_int=\count140
\l_fp_input_b_decimal_int=\count141
\l_fp_input_b_exponent_int=\count142
\l_fp_input_a_extended_int=\count143
\l_fp_input_b_extended_int=\count144
\l_fp_mul_a_i_int=\count145
\l_fp_mul_a_ii_int=\count146
\l_fp_mul_a_iii_int=\count147
\l_fp_mul_a_iv_int=\count148
\l_fp_mul_a_v_int=\count149
\l_fp_mul_a_vi_int=\count150
\l_fp_mul_b_i_int=\count151
\l_fp_mul_b_ii_int=\count152
\l_fp_mul_b_iii_int=\count153
\l_fp_mul_b_iv_int=\count154
\l_fp_mul_b_v_int=\count155
\l_fp_mul_b_vi_int=\count156
\l_fp_mul_output_int=\count157
\l_fp_output_sign_int=\count158
\l_fp_output_integer_int=\count159
\l_fp_output_decimal_int=\count160
\l_fp_output_exponent_int=\count161
\l_fp_output_extended_int=\count162
\l_fp_round_position_int=\count163
\l_fp_round_target_int=\count164
\l_fp_split_sign_int=\count165
\l_fp_tmp_int=\count166
\l_fp_trig_octant_int=\count167
\l_fp_trig_sign_int=\count168
\l_fp_trig_decimal_int=\count169
\l_fp_trig_extended_int=\count170
\l_fp_tmp_dim=\dimen128
\l_fp_tmp_skip=\skip56
)
(/usr/local/texlive/2011/texmf-dist/tex/latex/expl3/l3luatex.sty
Package: l3luatex 2010/07/18 v1985 L3 Experimental LuaTeX functions
\g_cctab_allocate_int=\count171
\g_cctab_stack_int=\count172
)
(/usr/local/texlive/2011/texmf-dist/tex/latex/tools/calc.sty
Package: calc 2007/08/22 v4.3 Infix arithmetic (KKT,FJ)
\calc@Acount=\count173
\calc@Bcount=\count174
\calc@Adimen=\dimen129
\calc@Bdimen=\dimen130
\calc@Askip=\skip57
\calc@Bskip=\skip58
LaTeX Info: Redefining \setlength on input line 76.
LaTeX Info: Redefining \addtolength on input line 77.
\calc@Ccount=\count175
\calc@Cskip=\skip59
))
Package: siunitx 2011/06/15 v2.2i A comprehensive (SI) units package

(/usr/local/texlive/2011/texmf-dist/tex/latex/xpackages/xbase/xparse.sty
Package: xparse 2011/04/08 v2219 Generic document command parser
\c_xparse_shorthands_prop=\toks41
\l_xparse_m_args_int=\count176
\l_xparse_mandatory_args_int=\count177
\l_xparse_processor_int=\count178
\l_xparse_total_args_int=\count179
)
(/usr/local/texlive/2011/texmf-dist/tex/latex/tools/array.sty
Package: array 2008/09/09 v2.4c Tabular extension package (FMi)
\col@sep=\dimen131
\extrarowheight=\dimen132
\NC@list=\toks42
\extratabsurround=\skip60
\backup@length=\skip61
)
(/usr/local/texlive/2011/texmf-dist/tex/latex/xpackages/xtras/l3keys2e.sty
Package: l3keys2e 2011/05/06 v2320 Parsing LaTeX3 keyvals as LaTeX2e package op
tions
)
\l_siunitx_tmp_box=\box30
\l_siunitx_tmp_int=\count180
\l_siunitx_number_in_prop=\toks43
\l_siunitx_number_mantissa_length_int=\count181
\l_siunitx_number_uncert_length_int=\count182
\l_siunitx_round_int=\count183
\l_siunitx_process_decimal_int=\count184
\l_siunitx_process_uncertainty_int=\count185
\l_siunitx_process_fixed_int=\count186
\l_siunitx_process_integer_min_int=\count187
\l_siunitx_process_precision_int=\count188
\l_siunitx_number_out_prop=\toks44
\l_siunitx_angle_marker_box=\box31
\l_siunitx_angle_unit_box=\box32
\l_siunitx_angle_marker_dim=\dimen133
\l_siunitx_angle_unit_dim=\dimen134
\l_siunitx_angle_degree_prop=\toks45
\l_siunitx_angle_minute_prop=\toks46
\l_siunitx_angle_second_prop=\toks47
\l_siunitx_unit_int=\count189
\l_siunitx_unit_prop=\toks48
\l_siunitx_unit_denominator_int=\count190
\l_siunitx_unit_numerator_int=\count191
\l_siunitx_unit_prefix_int=\count192
\l_siunitx_unit_prefix_base_int=\count193
\l_siunitx_unit_prefix_gram_int=\count194
\l_siunitx_number_product_int=\count195
\c_siunitx_one_fill_skip=\skip62
\l_siunitx_table_unit_align_skip=\skip63
\l_siunitx_table_fill_box=\box33
\l_siunitx_table_fill_dim=\dimen135
\l_siunitx_table_pre_box=\box34
\l_siunitx_table_post_box=\box35
\l_siunitx_table_result_box=\box36
\l_siunitx_table_comparator_dim=\dimen136
\l_siunitx_table_decimal_dim=\dimen137
\l_siunitx_table_exponent_dim=\dimen138
\l_siunitx_table_integer_dim=\dimen139
\l_siunitx_table_mantissa_dim=\dimen140
\l_siunitx_table_marker_dim=\dimen141
\l_siunitx_table_result_dim=\dimen142
\l_siunitx_table_uncert_dim=\dimen143
\l_siunitx_table_gap_dim=\dimen144
\l_siunitx_table_model_prop=\toks49
\l_siunitx_table_space_dim=\dimen145
\l_siunitx_table_number_align_skip=\skip64
\l_siunitx_table_text_align_skip=\skip65
\l_siunitx_table_decimal_int=\count196
\l_siunitx_table_exponent_int=\count197
\l_siunitx_table_integer_int=\count198
\l_siunitx_table_uncert_int=\count199
 LaTeX info: Defining document command \DeclareBinaryPrefix
(LaTeX)  with arg. spec. 'mmm' on line 6794.

 LaTeX info: Defining document command \DeclareSIPostPower
(LaTeX)  with arg. spec. 'mm' on line 6797.

 LaTeX info: Defining document command \DeclareSIPrefix
(LaTeX)  with arg. spec. 'mmm' on line 6800.

 LaTeX info: Defining document command \DeclareSIPrePower
(LaTeX)  with arg. spec. 'mm' on line 6803.

 LaTeX info: Defining document command \DeclareSIQualifier
(LaTeX)  with arg. spec. 'mm' on line 6806.

 LaTeX info: Defining document command \DeclareSIUnit
(LaTeX)  with arg. spec. 'O{}mm' on line 6809.

 LaTeX info: Defining document command \DeclareSIUnitWithOptions
(LaTeX)  with arg. spec. 'mmm' on line 6812.

 LaTeX info: Defining document command \ang
(LaTeX)  with arg. spec. 'o>{\SplitArgument {2}{;}}m' on line 6827.

 LaTeX info: Defining document command \num
(LaTeX)  with arg. spec. 'om' on line 6834.

 LaTeX info: Defining document command \numlist
(LaTeX)  with arg. spec. 'o>{\SplitList {;}}m' on line 6841.

 LaTeX info: Defining document command \numrange
(LaTeX)  with arg. spec. 'omm' on line 6848.

 LaTeX info: Defining document command \SIlist
(LaTeX)  with arg. spec. 'o>{\SplitList {;}}mm' on line 6858.

 LaTeX info: Defining document command \SIrange
(LaTeX)  with arg. spec. 'ommm' on line 6868.

 LaTeX info: Defining document command \SI
(LaTeX)  with arg. spec. 'omom' on line 6878.

 LaTeX info: Defining document command \sisetup
(LaTeX)  with arg. spec. 'm' on line 6881.

 LaTeX info: Defining document command \tablenum
(LaTeX)  with arg. spec. 'om' on line 6892.

 LaTeX info: Defining document command \si
(LaTeX)  with arg. spec. 'om' on line 6902.

 LaTeX info: Defining document command \siunitx_bookmark_num:w
(LaTeX)  with arg. spec. 'om' on line 6939.

 LaTeX info: Defining document command \siunitx_bookmark_numrange:w
(LaTeX)  with arg. spec. 'omm' on line 6941.

 LaTeX info: Defining document command \siunitx_bookmark_SI:w
(LaTeX)  with arg. spec. 'omom' on line 6943.

 LaTeX info: Defining document command \siunitx_bookmark_SIlist:w
(LaTeX)  with arg. spec. 'omm' on line 6945.

 LaTeX info: Defining document command \siunitx_bookmark_SIrange:w
(LaTeX)  with arg. spec. 'ommm' on line 6947.

 LaTeX info: Defining document command \siunitx_bookmark_si:w
(LaTeX)  with arg. spec. 'om' on line 6948.

\g_ior_tmp_stream=\read1

(/usr/local/texlive/2011/texmf-dist/tex/latex/beamer/translator/translator.sty
Package: translator 2010/06/12 ver 1.10

(/usr/local/texlive/2011/texmf-dist/tex/latex/beamer/translator/translator-lang
uage-mappings.tex))
 siunitx warning: Version 1 option 'alsoload' detected.


(/usr/local/texlive/2011/texmf-dist/tex/latex/siunitx/config/siunitx-version-1.
cfg
File: siunitx-version-1.cfg 2011/06/15 v2.2i siunitx: Version 1 settings

(/usr/local/texlive/2011/texmf-dist/tex/latex/siunitx/config/siunitx-abbreviati
ons.cfg
File: siunitx-abbreviations.cfg 2010/08/12 v2.0s siunitx: Abbreviated units
)
(/usr/local/texlive/2011/texmf-dist/tex/latex/siunitx/config/siunitx-binary.cfg
File: siunitx-binary.cfg 2011/06/15 v2.2i siunitx: Binary units
)
 LaTeX info: Defining document command \newpower
(LaTeX)  with arg. spec. 'omm' on line 638.

 LaTeX info: Defining document command \renewpower
(LaTeX)  with arg. spec. 'omm' on line 643.

 LaTeX info: Defining document command \providepower
(LaTeX)  with arg. spec. 'omm' on line 648.

 LaTeX info: Defining document command \newprefix
(LaTeX)  with arg. spec. 'ommm' on line 653.

 LaTeX info: Defining document command \renewprefix
(LaTeX)  with arg. spec. 'ommm' on line 658.

 LaTeX info: Defining document command \provideprefix
(LaTeX)  with arg. spec. 'ommm' on line 663.

 LaTeX info: Defining document command \newqualifier
(LaTeX)  with arg. spec. 'mm' on line 666.

 LaTeX info: Defining document command \requiresiconfigs
(LaTeX)  with arg. spec. 'm' on line 736.

)) (/usr/local/texlive/2011/texmf-dist/tex/latex/enumitem/enumitem.sty
Package: enumitem 2009/05/18 v2.2 Customized lists
\enit@toks=\toks50
\labelindent=\skip66
\enit@outerparindent=\dimen146
\enitdp@desc=\count200
)
(/usr/local/texlive/2011/texmf-dist/tex/latex/tools/verbatim.sty
Package: verbatim 2003/08/22 v1.5q LaTeX2e package for verbatim enhancements
\every@verbatim=\toks51
\verbatim@line=\toks52
\verbatim@in@stream=\read2
) (./main.aux
(./parameter_forecasts.aux))
\openout1 = `main.aux'.

LaTeX Font Info:    Checking defaults for OML/cmm/m/it on input line 121.
LaTeX Font Info:    ... okay on input line 121.
LaTeX Font Info:    Checking defaults for T1/cmr/m/n on input line 121.
LaTeX Font Info:    ... okay on input line 121.
LaTeX Font Info:    Checking defaults for OT1/cmr/m/n on input line 121.
LaTeX Font Info:    ... okay on input line 121.
LaTeX Font Info:    Checking defaults for OMS/cmsy/m/n on input line 121.
LaTeX Font Info:    ... okay on input line 121.
LaTeX Font Info:    Checking defaults for OMX/cmex/m/n on input line 121.
LaTeX Font Info:    ... okay on input line 121.
LaTeX Font Info:    Checking defaults for U/cmr/m/n on input line 121.
LaTeX Font Info:    ... okay on input line 121.
LaTeX Font Info:    Try loading font information for OT1+ptm on input line 121.


(/usr/local/texlive/2011/texmf-dist/tex/latex/psnfss/ot1ptm.fd
File: ot1ptm.fd 2001/06/04 font definitions for OT1/ptm.
)
(/usr/local/texlive/2011/texmf-dist/tex/context/base/supp-pdf.mkii
[Loading MPS to PDF converter (version 2006.09.02).]
\scratchcounter=\count201
\scratchdimen=\dimen147
\scratchbox=\box37
Normal \count register pool exhausted, switching to extended pool.
\nofMPsegments=\count277
\nofMParguments=\count278
\everyMPshowfont=\toks53
\MPscratchCnt=\count279
\MPscratchDim=\dimen148
\MPnumerator=\count280
\makeMPintoPDFobject=\count281
\everyMPtoPDFconversion=\toks54
) (/usr/local/texlive/2011/texmf-dist/tex/generic/oberdiek/pdftexcmds.sty
Package: pdftexcmds 2011/04/22 v0.16 Utilities of pdfTeX for LuaTeX (HO)

(/usr/local/texlive/2011/texmf-dist/tex/generic/oberdiek/ifluatex.sty
Package: ifluatex 2010/03/01 v1.3 Provides the ifluatex switch (HO)
Package ifluatex Info: LuaTeX not detected.
)
(/usr/local/texlive/2011/texmf-dist/tex/generic/oberdiek/ifpdf.sty
Package: ifpdf 2011/01/30 v2.3 Provides the ifpdf switch (HO)
Package ifpdf Info: pdfTeX in PDF mode is detected.
)
Package pdftexcmds Info: LuaTeX not detected.
Package pdftexcmds Info: \pdf@primitive is available.
Package pdftexcmds Info: \pdf@ifprimitive is available.
Package pdftexcmds Info: \pdfdraftmode found.
)
(/usr/local/texlive/2011/texmf-dist/tex/latex/oberdiek/epstopdf-base.sty
Package: epstopdf-base 2010/02/09 v2.5 Base part for package epstopdf

(/usr/local/texlive/2011/texmf-dist/tex/latex/oberdiek/grfext.sty
Package: grfext 2010/08/19 v1.1 Managing graphics extensions (HO)

(/usr/local/texlive/2011/texmf-dist/tex/generic/oberdiek/kvdefinekeys.sty
Package: kvdefinekeys 2011/04/07 v1.3 Defining keys (HO)
))
(/usr/local/texlive/2011/texmf-dist/tex/latex/oberdiek/kvoptions.sty
Package: kvoptions 2010/12/23 v3.10 Keyval support for LaTeX options (HO)

(/usr/local/texlive/2011/texmf-dist/tex/generic/oberdiek/kvsetkeys.sty
Package: kvsetkeys 2011/04/07 v1.13 Key value parser (HO)

(/usr/local/texlive/2011/texmf-dist/tex/generic/oberdiek/etexcmds.sty
Package: etexcmds 2011/02/16 v1.5 Prefix for e-TeX command names (HO)
Package etexcmds Info: Could not find \expanded.
(etexcmds)             That can mean that you are not using pdfTeX 1.50 or
(etexcmds)             that some package has redefined \expanded.
(etexcmds)             In the latter case, load this package earlier.
)))
Package grfext Info: Graphics extension search list:
(grfext)             [.jpg,.pdf,.mps,.png,.eps]
(grfext)             \AppendGraphicsExtensions on input line 452.

(/usr/local/texlive/2011/texmf-dist/tex/latex/latexconfig/epstopdf-sys.cfg
File: epstopdf-sys.cfg 2010/07/13 v1.3 Configuration of (r)epstopdf for TeX Liv
e
))
Package caption Info: Begin \AtBeginDocument code.
Package caption Info: rotating package is loaded.
Package caption Info: End \AtBeginDocument code.
 LaTeX info: Defining document command \of
(LaTeX)  with arg. spec. '' on line 121.

 LaTeX info: Defining document command \highlight
(LaTeX)  with arg. spec. '' on line 121.

 LaTeX info: Defining document command \per
(LaTeX)  with arg. spec. '' on line 121.

 LaTeX info: Defining document command \raiseto
(LaTeX)  with arg. spec. '' on line 121.

 LaTeX info: Defining document command \tothe
(LaTeX)  with arg. spec. '' on line 121.

 LaTeX info: Defining document command \kilogram
(LaTeX)  with arg. spec. '' on line 121.

 LaTeX info: Defining document command \metre
(LaTeX)  with arg. spec. '' on line 121.

 LaTeX info: Defining document command \meter
(LaTeX)  with arg. spec. '' on line 121.

 LaTeX info: Defining document command \mole
(LaTeX)  with arg. spec. '' on line 121.

 LaTeX info: Defining document command \second
(LaTeX)  with arg. spec. '' on line 121.

 LaTeX info: Defining document command \ampere
(LaTeX)  with arg. spec. '' on line 121.

 LaTeX info: Defining document command \kelvin
(LaTeX)  with arg. spec. '' on line 121.

 LaTeX info: Defining document command \candela
(LaTeX)  with arg. spec. '' on line 121.

 LaTeX info: Defining document command \gram
(LaTeX)  with arg. spec. '' on line 121.

 LaTeX info: Defining document command \yocto
(LaTeX)  with arg. spec. '' on line 121.

 LaTeX info: Defining document command \zepto
(LaTeX)  with arg. spec. '' on line 121.

 LaTeX info: Defining document command \atto
(LaTeX)  with arg. spec. '' on line 121.

 LaTeX info: Defining document command \femto
(LaTeX)  with arg. spec. '' on line 121.

 LaTeX info: Defining document command \pico
(LaTeX)  with arg. spec. '' on line 121.

 LaTeX info: Defining document command \nano
(LaTeX)  with arg. spec. '' on line 121.

 LaTeX info: Defining document command \micro
(LaTeX)  with arg. spec. '' on line 121.

 LaTeX info: Defining document command \milli
(LaTeX)  with arg. spec. '' on line 121.

 LaTeX info: Defining document command \centi
(LaTeX)  with arg. spec. '' on line 121.

 LaTeX info: Defining document command \deci
(LaTeX)  with arg. spec. '' on line 121.

 LaTeX info: Defining document command \deca
(LaTeX)  with arg. spec. '' on line 121.

 LaTeX info: Defining document command \deka
(LaTeX)  with arg. spec. '' on line 121.

 LaTeX info: Defining document command \hecto
(LaTeX)  with arg. spec. '' on line 121.

 LaTeX info: Defining document command \kilo
(LaTeX)  with arg. spec. '' on line 121.

 LaTeX info: Defining document command \mega
(LaTeX)  with arg. spec. '' on line 121.

 LaTeX info: Defining document command \giga
(LaTeX)  with arg. spec. '' on line 121.

 LaTeX info: Defining document command \tera
(LaTeX)  with arg. spec. '' on line 121.

 LaTeX info: Defining document command \peta
(LaTeX)  with arg. spec. '' on line 121.

 LaTeX info: Defining document command \exa
(LaTeX)  with arg. spec. '' on line 121.

 LaTeX info: Defining document command \zetta
(LaTeX)  with arg. spec. '' on line 121.

 LaTeX info: Defining document command \yotta
(LaTeX)  with arg. spec. '' on line 121.

 LaTeX info: Defining document command \becquerel
(LaTeX)  with arg. spec. '' on line 121.

 LaTeX info: Defining document command \celsius
(LaTeX)  with arg. spec. '' on line 121.

 LaTeX info: Defining document command \degreeCelsius
(LaTeX)  with arg. spec. '' on line 121.

 LaTeX info: Defining document command \coulomb
(LaTeX)  with arg. spec. '' on line 121.

 LaTeX info: Defining document command \farad
(LaTeX)  with arg. spec. '' on line 121.

 LaTeX info: Defining document command \gray
(LaTeX)  with arg. spec. '' on line 121.

 LaTeX info: Defining document command \hertz
(LaTeX)  with arg. spec. '' on line 121.

 LaTeX info: Defining document command \henry
(LaTeX)  with arg. spec. '' on line 121.

 LaTeX info: Defining document command \joule
(LaTeX)  with arg. spec. '' on line 121.

 LaTeX info: Defining document command \katal
(LaTeX)  with arg. spec. '' on line 121.

 LaTeX info: Defining document command \lumen
(LaTeX)  with arg. spec. '' on line 121.

 LaTeX info: Defining document command \lux
(LaTeX)  with arg. spec. '' on line 121.

 LaTeX info: Defining document command \newton
(LaTeX)  with arg. spec. '' on line 121.

 LaTeX info: Defining document command \ohm
(LaTeX)  with arg. spec. '' on line 121.

 LaTeX info: Defining document command \pascal
(LaTeX)  with arg. spec. '' on line 121.

 LaTeX info: Defining document command \radian
(LaTeX)  with arg. spec. '' on line 121.

 LaTeX info: Defining document command \siemens
(LaTeX)  with arg. spec. '' on line 121.

 LaTeX info: Defining document command \sievert
(LaTeX)  with arg. spec. '' on line 121.

 LaTeX info: Defining document command \steradian
(LaTeX)  with arg. spec. '' on line 121.

 LaTeX info: Defining document command \tesla
(LaTeX)  with arg. spec. '' on line 121.

 LaTeX info: Defining document command \volt
(LaTeX)  with arg. spec. '' on line 121.

 LaTeX info: Defining document command \watt
(LaTeX)  with arg. spec. '' on line 121.

 LaTeX info: Defining document command \weber
(LaTeX)  with arg. spec. '' on line 121.

 LaTeX info: Defining document command \arcmin
(LaTeX)  with arg. spec. '' on line 121.

 LaTeX info: Defining document command \arcminute
(LaTeX)  with arg. spec. '' on line 121.

 LaTeX info: Defining document command \arcsecond
(LaTeX)  with arg. spec. '' on line 121.

 LaTeX info: Defining document command \degree
(LaTeX)  with arg. spec. '' on line 121.

 LaTeX info: Defining document command \hectare
(LaTeX)  with arg. spec. '' on line 121.

 LaTeX info: Defining document command \hour
(LaTeX)  with arg. spec. '' on line 121.

 LaTeX info: Defining document command \litre
(LaTeX)  with arg. spec. '' on line 121.

 LaTeX info: Defining document command \liter
(LaTeX)  with arg. spec. '' on line 121.

 LaTeX info: Defining document command \minute
(LaTeX)  with arg. spec. '' on line 121.

 LaTeX info: Defining document command \percent
(LaTeX)  with arg. spec. '' on line 121.

 LaTeX info: Defining document command \tonne
(LaTeX)  with arg. spec. '' on line 121.

 LaTeX info: Defining document command \astronomicalunit
(LaTeX)  with arg. spec. '' on line 121.

 LaTeX info: Defining document command \atomicmassunit
(LaTeX)  with arg. spec. '' on line 121.

 LaTeX info: Defining document command \electronvolt
(LaTeX)  with arg. spec. '' on line 121.

 LaTeX info: Defining document command \dalton
(LaTeX)  with arg. spec. '' on line 121.

 LaTeX info: Defining document command \clight
(LaTeX)  with arg. spec. '' on line 121.

 LaTeX info: Defining document command \electronmass
(LaTeX)  with arg. spec. '' on line 121.

 LaTeX info: Defining document command \planckbar
(LaTeX)  with arg. spec. '' on line 121.

 LaTeX info: Defining document command \elementarycharge
(LaTeX)  with arg. spec. '' on line 121.

 LaTeX info: Defining document command \bohr
(LaTeX)  with arg. spec. '' on line 121.

 LaTeX info: Defining document command \hartree
(LaTeX)  with arg. spec. '' on line 121.

 LaTeX info: Defining document command \angstrom
(LaTeX)  with arg. spec. '' on line 121.

 LaTeX info: Defining document command \barn
(LaTeX)  with arg. spec. '' on line 121.

 LaTeX info: Defining document command \bel
(LaTeX)  with arg. spec. '' on line 121.

 LaTeX info: Defining document command \decibel
(LaTeX)  with arg. spec. '' on line 121.

 LaTeX info: Defining document command \knot
(LaTeX)  with arg. spec. '' on line 121.

 LaTeX info: Defining document command \mmHg
(LaTeX)  with arg. spec. '' on line 121.

 LaTeX info: Defining document command \nauticalmile
(LaTeX)  with arg. spec. '' on line 121.

 LaTeX info: Defining document command \neper
(LaTeX)  with arg. spec. '' on line 121.

 LaTeX info: Defining document command \squared
(LaTeX)  with arg. spec. '' on line 121.

 LaTeX info: Defining document command \cubic
(LaTeX)  with arg. spec. '' on line 121.

 LaTeX info: Defining document command \cubed
(LaTeX)  with arg. spec. '' on line 121.

 LaTeX info: Defining document command \A
(LaTeX)  with arg. spec. '' on line 121.

 LaTeX info: Defining document command \pA
(LaTeX)  with arg. spec. '' on line 121.

 LaTeX info: Defining document command \nA
(LaTeX)  with arg. spec. '' on line 121.

 LaTeX info: Defining document command \uA
(LaTeX)  with arg. spec. '' on line 121.

 LaTeX info: Defining document command \mA
(LaTeX)  with arg. spec. '' on line 121.

 LaTeX info: Defining document command \kA
(LaTeX)  with arg. spec. '' on line 121.

 LaTeX info: Defining document command \Hz
(LaTeX)  with arg. spec. '' on line 121.

 LaTeX info: Defining document command \mHz
(LaTeX)  with arg. spec. '' on line 121.

 LaTeX info: Defining document command \kHz
(LaTeX)  with arg. spec. '' on line 121.

 LaTeX info: Defining document command \MHz
(LaTeX)  with arg. spec. '' on line 121.

 LaTeX info: Defining document command \GHz
(LaTeX)  with arg. spec. '' on line 121.

 LaTeX info: Defining document command \THz
(LaTeX)  with arg. spec. '' on line 121.

 LaTeX info: Defining document command \mol
(LaTeX)  with arg. spec. '' on line 121.

 LaTeX info: Defining document command \fmol
(LaTeX)  with arg. spec. '' on line 121.

 LaTeX info: Defining document command \pmol
(LaTeX)  with arg. spec. '' on line 121.

 LaTeX info: Defining document command \nmol
(LaTeX)  with arg. spec. '' on line 121.

 LaTeX info: Defining document command \umol
(LaTeX)  with arg. spec. '' on line 121.

 LaTeX info: Defining document command \mmol
(LaTeX)  with arg. spec. '' on line 121.

 LaTeX info: Defining document command \kmol
(LaTeX)  with arg. spec. '' on line 121.

 LaTeX info: Defining document command \V
(LaTeX)  with arg. spec. '' on line 121.

 LaTeX info: Defining document command \pV
(LaTeX)  with arg. spec. '' on line 121.

 LaTeX info: Defining document command \nV
(LaTeX)  with arg. spec. '' on line 121.

 LaTeX info: Defining document command \uV
(LaTeX)  with arg. spec. '' on line 121.

 LaTeX info: Defining document command \mV
(LaTeX)  with arg. spec. '' on line 121.

 LaTeX info: Defining document command \kV
(LaTeX)  with arg. spec. '' on line 121.

 LaTeX info: Defining document command \ml
(LaTeX)  with arg. spec. '' on line 121.

 LaTeX info: Defining document command \ul
(LaTeX)  with arg. spec. '' on line 121.

 LaTeX info: Defining document command \mL
(LaTeX)  with arg. spec. '' on line 121.

 LaTeX info: Defining document command \uL
(LaTeX)  with arg. spec. '' on line 121.

 LaTeX info: Defining document command \fg
(LaTeX)  with arg. spec. '' on line 121.

 LaTeX info: Defining document command \pg
(LaTeX)  with arg. spec. '' on line 121.

 LaTeX info: Defining document command \ug
(LaTeX)  with arg. spec. '' on line 121.

 LaTeX info: Defining document command \mg
(LaTeX)  with arg. spec. '' on line 121.

 LaTeX info: Defining document command \kg
(LaTeX)  with arg. spec. '' on line 121.

 LaTeX info: Defining document command \amu
(LaTeX)  with arg. spec. '' on line 121.

 LaTeX info: Defining document command \W
(LaTeX)  with arg. spec. '' on line 121.

 LaTeX info: Defining document command \mW
(LaTeX)  with arg. spec. '' on line 121.

 LaTeX info: Defining document command \kW
(LaTeX)  with arg. spec. '' on line 121.

 LaTeX info: Defining document command \MW
(LaTeX)  with arg. spec. '' on line 121.

 LaTeX info: Defining document command \GW
(LaTeX)  with arg. spec. '' on line 121.

 LaTeX info: Defining document command \J
(LaTeX)  with arg. spec. '' on line 121.

 LaTeX info: Defining document command \kJ
(LaTeX)  with arg. spec. '' on line 121.

 LaTeX info: Defining document command \eV
(LaTeX)  with arg. spec. '' on line 121.

 LaTeX info: Defining document command \meV
(LaTeX)  with arg. spec. '' on line 121.

 LaTeX info: Defining document command \keV
(LaTeX)  with arg. spec. '' on line 121.

 LaTeX info: Defining document command \MeV
(LaTeX)  with arg. spec. '' on line 121.

 LaTeX info: Defining document command \GeV
(LaTeX)  with arg. spec. '' on line 121.

 LaTeX info: Defining document command \TeV
(LaTeX)  with arg. spec. '' on line 121.

 LaTeX info: Defining document command \kWh
(LaTeX)  with arg. spec. '' on line 121.

 LaTeX info: Defining document command \m
(LaTeX)  with arg. spec. '' on line 121.

 LaTeX info: Defining document command \nm
(LaTeX)  with arg. spec. '' on line 121.

 LaTeX info: Defining document command \um
(LaTeX)  with arg. spec. '' on line 121.

 LaTeX info: Defining document command \mm
(LaTeX)  with arg. spec. '' on line 121.

 LaTeX info: Defining document command \cm
(LaTeX)  with arg. spec. '' on line 121.

 LaTeX info: Defining document command \dm
(LaTeX)  with arg. spec. '' on line 121.

 LaTeX info: Defining document command \km
(LaTeX)  with arg. spec. '' on line 121.

 LaTeX info: Defining document command \K
(LaTeX)  with arg. spec. '' on line 121.

 LaTeX info: Defining document command \N
(LaTeX)  with arg. spec. '' on line 121.

 LaTeX info: Defining document command \mN
(LaTeX)  with arg. spec. '' on line 121.

 LaTeX info: Defining document command \kN
(LaTeX)  with arg. spec. '' on line 121.

 LaTeX info: Defining document command \MN
(LaTeX)  with arg. spec. '' on line 121.

 LaTeX info: Defining document command \Pa
(LaTeX)  with arg. spec. '' on line 121.

 LaTeX info: Defining document command \kPa
(LaTeX)  with arg. spec. '' on line 121.

 LaTeX info: Defining document command \MPa
(LaTeX)  with arg. spec. '' on line 121.

 LaTeX info: Defining document command \GPa
(LaTeX)  with arg. spec. '' on line 121.

 LaTeX info: Defining document command \mohm
(LaTeX)  with arg. spec. '' on line 121.

 LaTeX info: Defining document command \kohm
(LaTeX)  with arg. spec. '' on line 121.

 LaTeX info: Defining document command \Mohm
(LaTeX)  with arg. spec. '' on line 121.

 LaTeX info: Defining document command \s
(LaTeX)  with arg. spec. '' on line 121.

 LaTeX info: Defining document command \as
(LaTeX)  with arg. spec. '' on line 121.

 LaTeX info: Defining document command \fs
(LaTeX)  with arg. spec. '' on line 121.

 LaTeX info: Defining document command \ps
(LaTeX)  with arg. spec. '' on line 121.

 LaTeX info: Defining document command \ns
(LaTeX)  with arg. spec. '' on line 121.

 LaTeX info: Defining document command \us
(LaTeX)  with arg. spec. '' on line 121.

 LaTeX info: Defining document command \ms
(LaTeX)  with arg. spec. '' on line 121.

 LaTeX info: Defining document command \kibi
(LaTeX)  with arg. spec. '' on line 121.

 LaTeX info: Defining document command \mebi
(LaTeX)  with arg. spec. '' on line 121.

 LaTeX info: Defining document command \gibi
(LaTeX)  with arg. spec. '' on line 121.

 LaTeX info: Defining document command \tebi
(LaTeX)  with arg. spec. '' on line 121.

 LaTeX info: Defining document command \pebi
(LaTeX)  with arg. spec. '' on line 121.

 LaTeX info: Defining document command \exbi
(LaTeX)  with arg. spec. '' on line 121.

 LaTeX info: Defining document command \zebi
(LaTeX)  with arg. spec. '' on line 121.

 LaTeX info: Defining document command \yobi
(LaTeX)  with arg. spec. '' on line 121.

 LaTeX info: Defining document command \bit
(LaTeX)  with arg. spec. '' on line 121.

 LaTeX info: Defining document command \byte
(LaTeX)  with arg. spec. '' on line 121.

 LaTeX info: Defining document command \Square
(LaTeX)  with arg. spec. '' on line 121.

 LaTeX info: Defining document command \ssquare
(LaTeX)  with arg. spec. '' on line 121.

 LaTeX info: Defining document command \BAR
(LaTeX)  with arg. spec. '' on line 121.

 LaTeX info: Defining document command \bbar
(LaTeX)  with arg. spec. '' on line 121.

 LaTeX info: Defining document command \Day
(LaTeX)  with arg. spec. '' on line 121.

 LaTeX info: Defining document command \dday
(LaTeX)  with arg. spec. '' on line 121.

 LaTeX info: Defining document command \Gray
(LaTeX)  with arg. spec. '' on line 121.

 LaTeX info: Defining document command \ggray
(LaTeX)  with arg. spec. '' on line 121.

 LaTeX info: Defining document command \atomicmass
(LaTeX)  with arg. spec. '' on line 121.

 LaTeX info: Defining document command \arcsec
(LaTeX)  with arg. spec. '' on line 121.

 LaTeX info: Defining document command \are
(LaTeX)  with arg. spec. '' on line 121.

 LaTeX info: Defining document command \curie
(LaTeX)  with arg. spec. '' on line 121.

 LaTeX info: Defining document command \gal
(LaTeX)  with arg. spec. '' on line 121.

 LaTeX info: Defining document command \millibar
(LaTeX)  with arg. spec. '' on line 121.

 LaTeX info: Defining document command \rad
(LaTeX)  with arg. spec. '' on line 121.

 LaTeX info: Defining document command \rem
(LaTeX)  with arg. spec. '' on line 121.

 LaTeX info: Defining document command \roentgen
(LaTeX)  with arg. spec. '' on line 121.

 LaTeX info: Defining document command \micA
(LaTeX)  with arg. spec. '' on line 121.

 LaTeX info: Defining document command \micmol
(LaTeX)  with arg. spec. '' on line 121.

 LaTeX info: Defining document command \micl
(LaTeX)  with arg. spec. '' on line 121.

 LaTeX info: Defining document command \micL
(LaTeX)  with arg. spec. '' on line 121.

 LaTeX info: Defining document command \nanog
(LaTeX)  with arg. spec. '' on line 121.

 LaTeX info: Defining document command \micg
(LaTeX)  with arg. spec. '' on line 121.

 LaTeX info: Defining document command \picm
(LaTeX)  with arg. spec. '' on line 121.

 LaTeX info: Defining document command \micm
(LaTeX)  with arg. spec. '' on line 121.

 LaTeX info: Defining document command \Sec
(LaTeX)  with arg. spec. '' on line 121.

 LaTeX info: Defining document command \mics
(LaTeX)  with arg. spec. '' on line 121.

 LaTeX info: Defining document command \cmc
(LaTeX)  with arg. spec. '' on line 121.

 LaTeX info: Defining document command \dmc
(LaTeX)  with arg. spec. '' on line 121.

 LaTeX info: Defining document command \cms
(LaTeX)  with arg. spec. '' on line 121.

 LaTeX info: Defining document command \centimetrecubed
(LaTeX)  with arg. spec. '' on line 121.

 LaTeX info: Defining document command \centimetresquared
(LaTeX)  with arg. spec. '' on line 121.

 LaTeX info: Defining document command \cubiccentimetre
(LaTeX)  with arg. spec. '' on line 121.

 LaTeX info: Defining document command \cubicdecimetre
(LaTeX)  with arg. spec. '' on line 121.

 LaTeX info: Defining document command \squarecentimetre
(LaTeX)  with arg. spec. '' on line 121.

 LaTeX info: Defining document command \squaremetre
(LaTeX)  with arg. spec. '' on line 121.

 LaTeX info: Defining document command \squarekilometre
(LaTeX)  with arg. spec. '' on line 121.

 LaTeX info: Defining document command \parsec
(LaTeX)  with arg. spec. '' on line 121.

 LaTeX info: Defining document command \lightyear
(LaTeX)  with arg. spec. '' on line 121.

 LaTeX info: Defining document command \gmol
(LaTeX)  with arg. spec. '' on line 121.

 LaTeX info: Defining document command \kgmol
(LaTeX)  with arg. spec. '' on line 121.

 LaTeX info: Defining document command \lbmol
(LaTeX)  with arg. spec. '' on line 121.

 LaTeX info: Defining document command \molar
(LaTeX)  with arg. spec. '' on line 121.

 LaTeX info: Defining document command \Molar
(LaTeX)  with arg. spec. '' on line 121.

 LaTeX info: Defining document command \torr
(LaTeX)  with arg. spec. '' on line 121.

 LaTeX info: Defining document command \gon
(LaTeX)  with arg. spec. '' on line 121.

 LaTeX info: Defining document command \micron
(LaTeX)  with arg. spec. '' on line 121.

 LaTeX info: Defining document command \mrad
(LaTeX)  with arg. spec. '' on line 121.

 LaTeX info: Defining document command \gauss
(LaTeX)  with arg. spec. '' on line 121.

 LaTeX info: Defining document command \eVperc
(LaTeX)  with arg. spec. '' on line 121.

 LaTeX info: Defining document command \nanobarn
(LaTeX)  with arg. spec. '' on line 121.

 LaTeX info: Defining document command \picobarn
(LaTeX)  with arg. spec. '' on line 121.

 LaTeX info: Defining document command \femtobarn
(LaTeX)  with arg. spec. '' on line 121.

 LaTeX info: Defining document command \attobarn
(LaTeX)  with arg. spec. '' on line 121.

 LaTeX info: Defining document command \zeptobarn
(LaTeX)  with arg. spec. '' on line 121.

 LaTeX info: Defining document command \yoctobarn
(LaTeX)  with arg. spec. '' on line 121.

 LaTeX info: Defining document command \nb
(LaTeX)  with arg. spec. '' on line 121.

 LaTeX info: Defining document command \pb
(LaTeX)  with arg. spec. '' on line 121.

 LaTeX info: Defining document command \fb
(LaTeX)  with arg. spec. '' on line 121.

 LaTeX info: Defining document command \zb
(LaTeX)  with arg. spec. '' on line 121.

 LaTeX info: Defining document command \yb
(LaTeX)  with arg. spec. '' on line 121.

 LaTeX info: Defining document command \quartic
(LaTeX)  with arg. spec. '' on line 121.


(/usr/local/texlive/2011/texmf-dist/tex/latex/beamer/translator/dicts/translato
r-basic-dictionary/translator-basic-dictionary-English.dict
Dictionary: translator-basic-dictionary, Language: English 
)
\c_siunitx_mathsf_int=\count282
LaTeX Font Info:    Try loading font information for U+msa on input line 121.

(/usr/local/texlive/2011/texmf-dist/tex/latex/amsfonts/umsa.fd
File: umsa.fd 2009/06/22 v3.00 AMS symbols A
)
LaTeX Font Info:    Try loading font information for U+msb on input line 121.

(/usr/local/texlive/2011/texmf-dist/tex/latex/amsfonts/umsb.fd
File: umsb.fd 2009/06/22 v3.00 AMS symbols B
)
\c_siunitx_mathtt_int=\count283
LaTeX Font Info:    Font shape `OT1/ptm/bx/n' in size <10> not available
(Font)              Font shape `OT1/ptm/b/n' tried instead on input line 141.
LaTeX Font Info:    Font shape `OT1/ptm/bx/n' in size <17.28> not available
(Font)              Font shape `OT1/ptm/b/n' tried instead on input line 141.
LaTeX Font Info:    Font shape `OT1/ptm/bx/it' in size <17.28> not available
(Font)              Font shape `OT1/ptm/b/it' tried instead on input line 141.

Underfull \hbox (badness 10000) in paragraph at lines 141--141

 []

<logo.png, id=1, 279.2031pt x 247.6452pt>
File: logo.png Graphic file (type png)
 <use logo.png>
Package pdftex.def Info: logo.png used on input line 143.
(pdftex.def)             Requested size: 85.35826pt x 75.71115pt.

Overfull \hbox (13.07695pt too wide) has occurred while \output is active
[]\OT1/ptm/m/n/9 Doc.No.: 
 []


Overfull \hbox (1.07977pt too wide) has occurred while \output is active
\OT1/ptm/m/n/9 Issue: 
 []

[1{/usr/local/texlive/2011/texmf-var/fonts/map/pdftex/updmap/pdftex.map}

 <./logo.png>]
LaTeX Font Info:    Font shape `OT1/ptm/bx/n' in size <14.4> not available
(Font)              Font shape `OT1/ptm/b/n' tried instead on input line 145.
LaTeX Font Info:    Font shape `OT1/ptm/bx/n' in size <12> not available
(Font)              Font shape `OT1/ptm/b/n' tried instead on input line 145.
LaTeX Font Info:    Font shape `OT1/ptm/bx/it' in size <12> not available
(Font)              Font shape `OT1/ptm/b/it' tried instead on input line 145.
File: logo.png Graphic file (type png)
 <use logo.png>
Package pdftex.def Info: logo.png used on input line 147.
(pdftex.def)             Requested size: 85.35826pt x 75.71115pt.

Overfull \hbox (13.07695pt too wide) has occurred while \output is active
[]\OT1/ptm/m/n/9 Doc.No.: 
 []


Overfull \hbox (1.07977pt too wide) has occurred while \output is active
\OT1/ptm/m/n/9 Issue: 
 []

[2] (./main.toc)
\tf@toc=\write3
\openout3 = `main.toc'.

File: logo.png Graphic file (type png)
 <use logo.png>
Package pdftex.def Info: logo.png used on input line 151.
(pdftex.def)             Requested size: 85.35826pt x 75.71115pt.

Overfull \hbox (13.07695pt too wide) has occurred while \output is active
[]\OT1/ptm/m/n/9 Doc.No.: 
 []


Overfull \hbox (1.07977pt too wide) has occurred while \output is active
\OT1/ptm/m/n/9 Issue: 
 []

[3]
\openout2 = `parameter_forecasts.aux'.

 (./parameter_forecasts.tex
File: logo.png Graphic file (type png)
 <use logo.png>
Package pdftex.def Info: logo.png used on input line 78.
(pdftex.def)             Requested size: 85.35826pt x 75.71115pt.

Overfull \hbox (13.07695pt too wide) has occurred while \output is active
[]\OT1/ptm/m/n/9 Doc.No.: 
 []


Overfull \hbox (1.07977pt too wide) has occurred while \output is active
\OT1/ptm/m/n/9 Issue: 
 []

[4

]
LaTeX Font Info:    Font shape `OT1/ptm/bx/n' in size <9> not available
(Font)              Font shape `OT1/ptm/b/n' tried instead on input line 105.
File: logo.png Graphic file (type png)
 <use logo.png>
Package pdftex.def Info: logo.png used on input line 178.
(pdftex.def)             Requested size: 85.35826pt x 75.71115pt.

Overfull \hbox (13.07695pt too wide) has occurred while \output is active
[]\OT1/ptm/m/n/9 Doc.No.: 
 []


Overfull \hbox (1.07977pt too wide) has occurred while \output is active
\OT1/ptm/m/n/9 Issue: 
 []

[5]
File: logo.png Graphic file (type png)
 <use logo.png>
Package pdftex.def Info: logo.png used on input line 200.
(pdftex.def)             Requested size: 85.35826pt x 75.71115pt.

Overfull \hbox (13.07695pt too wide) has occurred while \output is active
[]\OT1/ptm/m/n/9 Doc.No.: 
 []


Overfull \hbox (1.07977pt too wide) has occurred while \output is active
\OT1/ptm/m/n/9 Issue: 
 []

[6])
File: logo.png Graphic file (type png)
 <use logo.png>
Package pdftex.def Info: logo.png used on input line 152.
(pdftex.def)             Requested size: 85.35826pt x 75.71115pt.

Overfull \hbox (13.07695pt too wide) has occurred while \output is active
[]\OT1/ptm/m/n/9 Doc.No.: 
 []


Overfull \hbox (1.07977pt too wide) has occurred while \output is active
\OT1/ptm/m/n/9 Issue: 
 []

[7] (./main.bbl
LaTeX Font Info:    Try loading font information for OT1+pcr on input line 7.
 (/usr/local/texlive/2011/texmf-dist/tex/latex/psnfss/ot1pcr.fd
File: ot1pcr.fd 2001/06/04 font definitions for OT1/pcr.
))
File: logo.png Graphic file (type png)
 <use logo.png>
Package pdftex.def Info: logo.png used on input line 160.
(pdftex.def)             Requested size: 85.35826pt x 75.71115pt.

Overfull \hbox (13.07695pt too wide) has occurred while \output is active
[]\OT1/ptm/m/n/9 Doc.No.: 
 []


Overfull \hbox (1.07977pt too wide) has occurred while \output is active
\OT1/ptm/m/n/9 Issue: 
 []

[8

] (./main.aux (./parameter_forecasts.aux)) ) 
Here is how much of TeX's memory you used:
 12586 strings out of 493633
 270569 string characters out of 3143378
 282629 words of memory out of 3000000
 15676 multiletter control sequences out of 15000+200000
 27653 words of font info for 57 fonts, out of 3000000 for 9000
 831 hyphenation exceptions out of 8191
 45i,17n,54p,419b,644s stack positions out of 5000i,500n,10000p,200000b,50000s
{/usr/local/texlive/2011/texmf-dist
/fonts/enc/dvips/base/8r.enc}</usr/local/texlive/2011/texmf-dist/fonts/type1/pu
blic/amsfonts/cm/cmex10.pfb></usr/local/texlive/2011/texmf-dist/fonts/type1/pub
lic/amsfonts/cm/cmmi10.pfb></usr/local/texlive/2011/texmf-dist/fonts/type1/publ
ic/amsfonts/cm/cmmi5.pfb></usr/local/texlive/2011/texmf-dist/fonts/type1/public
/amsfonts/cm/cmmi7.pfb></usr/local/texlive/2011/texmf-dist/fonts/type1/public/a
msfonts/cm/cmr10.pfb></usr/local/texlive/2011/texmf-dist/fonts/type1/public/ams
fonts/cm/cmr5.pfb></usr/local/texlive/2011/texmf-dist/fonts/type1/public/amsfon
ts/cm/cmr7.pfb></usr/local/texlive/2011/texmf-dist/fonts/type1/public/amsfonts/
cm/cmsy10.pfb></usr/local/texlive/2011/texmf-dist/fonts/type1/public/amsfonts/c
m/cmsy7.pfb></usr/local/texlive/2011/texmf-dist/fonts/type1/urw/courier/ucrr8a.
pfb></usr/local/texlive/2011/texmf-dist/fonts/type1/urw/times/utmb8a.pfb></usr/
local/texlive/2011/texmf-dist/fonts/type1/urw/times/utmbi8a.pfb></usr/local/tex
live/2011/texmf-dist/fonts/type1/urw/times/utmr8a.pfb></usr/local/texlive/2011/
texmf-dist/fonts/type1/urw/times/utmr8a.pfb></usr/local/texlive/2011/texmf-dist
/fonts/type1/urw/times/utmri8a.pfb>
Output written on main.pdf (8 pages, 358614 bytes).
PDF statistics:
 95 PDF objects out of 1000 (max. 8388607)
 67 compressed objects within 1 object stream
 0 named destinations out of 1000 (max. 500000)
 6 words of extra memory for PDF output out of 10000 (max. 10000000)

